<?xml version="1.0" encoding="UTF-8"?>
<robot generator="Robot 4.1.3 (Python 3.10.1 on win32)" generated="20220314 21:12:49.217" rpa="false" schemaversion="2">
<suite id="s1" name="Swaglab" source="C:\Users\USER\Documents\pom-rf\Steps\swaglab.robot">
<kw name="Open Browser Chrome" library="login_page_keywords" type="SETUP">
<kw name="Open Browser" library="SeleniumLibrary">
<arg>browser=chrome</arg>
<doc>Opens a new browser instance to the optional ``url``.</doc>
<msg timestamp="20220314 21:12:49.779" level="INFO">Opening browser 'chrome' to base url 'None'.</msg>
<status status="PASS" starttime="20220314 21:12:49.779" endtime="20220314 21:12:52.733"/>
</kw>
<kw name="Maximize Browser Window" library="SeleniumLibrary">
<doc>Maximizes current browser window.</doc>
<status status="PASS" starttime="20220314 21:12:52.734" endtime="20220314 21:12:53.072"/>
</kw>
<status status="PASS" starttime="20220314 21:12:49.778" endtime="20220314 21:12:53.073"/>
</kw>
<test id="s1-t1" name="I am Login with invalid username and invalid password">
<kw name="Go to SwagLabs Page" library="login_page_keywords">
<kw name="Go To" library="SeleniumLibrary">
<arg>https://www.saucedemo.com/</arg>
<doc>Navigates the current browser window to the provided ``url``.</doc>
<msg timestamp="20220314 21:12:53.086" level="INFO">Opening url 'https://www.saucedemo.com/'</msg>
<status status="PASS" starttime="20220314 21:12:53.085" endtime="20220314 21:12:54.809"/>
</kw>
<status status="PASS" starttime="20220314 21:12:53.084" endtime="20220314 21:12:54.809"/>
</kw>
<kw name="I am inputting invalid Username" library="login_page_keywords">
<kw name="Input Text" library="SeleniumLibrary">
<arg>//input[@id="user-name"]</arg>
<arg>Miftah</arg>
<doc>Types the given ``text`` into the text field identified by ``locator``.</doc>
<msg timestamp="20220314 21:12:54.811" level="INFO">Typing text 'Miftah' into text field '//input[@id="user-name"]'.</msg>
<status status="PASS" starttime="20220314 21:12:54.811" endtime="20220314 21:12:55.026"/>
</kw>
<status status="PASS" starttime="20220314 21:12:54.810" endtime="20220314 21:12:55.026"/>
</kw>
<kw name="I am inputting invalid Password" library="login_page_keywords">
<kw name="Input Text" library="SeleniumLibrary">
<arg>//input[@id="password"]</arg>
<arg>Miftah</arg>
<doc>Types the given ``text`` into the text field identified by ``locator``.</doc>
<msg timestamp="20220314 21:12:55.028" level="INFO">Typing text 'Miftah' into text field '//input[@id="password"]'.</msg>
<status status="PASS" starttime="20220314 21:12:55.027" endtime="20220314 21:12:55.188"/>
</kw>
<status status="PASS" starttime="20220314 21:12:55.027" endtime="20220314 21:12:55.188"/>
</kw>
<kw name="I am Click Login Button" library="login_page_keywords">
<kw name="Click Element" library="SeleniumLibrary">
<arg>//input[@id="login-button"]</arg>
<doc>Click the element identified by ``locator``.</doc>
<msg timestamp="20220314 21:12:55.189" level="INFO">Clicking element '//input[@id="login-button"]'.</msg>
<status status="PASS" starttime="20220314 21:12:55.189" endtime="20220314 21:12:55.296"/>
</kw>
<status status="PASS" starttime="20220314 21:12:55.188" endtime="20220314 21:12:55.296"/>
</kw>
<kw name="Message error will be appear on the screen" library="login_page_keywords">
<kw name="Element Should Be Visible" library="SeleniumLibrary">
<arg>//div[@class="error-message-container error"]</arg>
<doc>Verifies that the element identified by ``locator`` is visible.</doc>
<msg timestamp="20220314 21:12:55.356" level="INFO">Element '//div[@class="error-message-container error"]' is displayed.</msg>
<status status="PASS" starttime="20220314 21:12:55.299" endtime="20220314 21:12:55.356"/>
</kw>
<status status="PASS" starttime="20220314 21:12:55.298" endtime="20220314 21:12:55.357"/>
</kw>
<status status="PASS" starttime="20220314 21:12:53.074" endtime="20220314 21:12:55.357"/>
</test>
<test id="s1-t2" name="I am Login with valid username and invalid password">
<kw name="Go to SwagLabs Page" library="login_page_keywords">
<kw name="Go To" library="SeleniumLibrary">
<arg>https://www.saucedemo.com/</arg>
<doc>Navigates the current browser window to the provided ``url``.</doc>
<msg timestamp="20220314 21:12:55.361" level="INFO">Opening url 'https://www.saucedemo.com/'</msg>
<status status="PASS" starttime="20220314 21:12:55.360" endtime="20220314 21:12:55.602"/>
</kw>
<status status="PASS" starttime="20220314 21:12:55.360" endtime="20220314 21:12:55.603"/>
</kw>
<kw name="I am inputting valid Username" library="login_page_keywords">
<kw name="Input Text" library="SeleniumLibrary">
<arg>//input[@id="user-name"]</arg>
<arg>standard_user</arg>
<doc>Types the given ``text`` into the text field identified by ``locator``.</doc>
<msg timestamp="20220314 21:12:55.609" level="INFO">Typing text 'standard_user' into text field '//input[@id="user-name"]'.</msg>
<status status="PASS" starttime="20220314 21:12:55.607" endtime="20220314 21:12:55.771"/>
</kw>
<status status="PASS" starttime="20220314 21:12:55.605" endtime="20220314 21:12:55.772"/>
</kw>
<kw name="I am inputting invalid Password" library="login_page_keywords">
<kw name="Input Text" library="SeleniumLibrary">
<arg>//input[@id="password"]</arg>
<arg>Miftah</arg>
<doc>Types the given ``text`` into the text field identified by ``locator``.</doc>
<msg timestamp="20220314 21:12:55.773" level="INFO">Typing text 'Miftah' into text field '//input[@id="password"]'.</msg>
<status status="PASS" starttime="20220314 21:12:55.773" endtime="20220314 21:12:55.968"/>
</kw>
<status status="PASS" starttime="20220314 21:12:55.772" endtime="20220314 21:12:55.969"/>
</kw>
<kw name="I am Click Login Button" library="login_page_keywords">
<kw name="Click Element" library="SeleniumLibrary">
<arg>//input[@id="login-button"]</arg>
<doc>Click the element identified by ``locator``.</doc>
<msg timestamp="20220314 21:12:55.974" level="INFO">Clicking element '//input[@id="login-button"]'.</msg>
<status status="PASS" starttime="20220314 21:12:55.973" endtime="20220314 21:12:56.088"/>
</kw>
<status status="PASS" starttime="20220314 21:12:55.972" endtime="20220314 21:12:56.088"/>
</kw>
<kw name="Message error will be appear on the screen" library="login_page_keywords">
<kw name="Element Should Be Visible" library="SeleniumLibrary">
<arg>//div[@class="error-message-container error"]</arg>
<doc>Verifies that the element identified by ``locator`` is visible.</doc>
<msg timestamp="20220314 21:12:56.119" level="INFO">Element '//div[@class="error-message-container error"]' is displayed.</msg>
<status status="PASS" starttime="20220314 21:12:56.089" endtime="20220314 21:12:56.120"/>
</kw>
<status status="PASS" starttime="20220314 21:12:56.089" endtime="20220314 21:12:56.120"/>
</kw>
<status status="PASS" starttime="20220314 21:12:55.359" endtime="20220314 21:12:56.120"/>
</test>
<test id="s1-t3" name="I am Login with valid username and valid password">
<kw name="Go to SwagLabs Page" library="login_page_keywords">
<kw name="Go To" library="SeleniumLibrary">
<arg>https://www.saucedemo.com/</arg>
<doc>Navigates the current browser window to the provided ``url``.</doc>
<msg timestamp="20220314 21:12:56.124" level="INFO">Opening url 'https://www.saucedemo.com/'</msg>
<status status="PASS" starttime="20220314 21:12:56.124" endtime="20220314 21:12:56.312"/>
</kw>
<status status="PASS" starttime="20220314 21:12:56.123" endtime="20220314 21:12:56.312"/>
</kw>
<kw name="I am inputting valid Username" library="login_page_keywords">
<kw name="Input Text" library="SeleniumLibrary">
<arg>//input[@id="user-name"]</arg>
<arg>standard_user</arg>
<doc>Types the given ``text`` into the text field identified by ``locator``.</doc>
<msg timestamp="20220314 21:12:56.321" level="INFO">Typing text 'standard_user' into text field '//input[@id="user-name"]'.</msg>
<status status="PASS" starttime="20220314 21:12:56.320" endtime="20220314 21:12:56.550"/>
</kw>
<status status="PASS" starttime="20220314 21:12:56.319" endtime="20220314 21:12:56.550"/>
</kw>
<kw name="I am inputting valid Password" library="login_page_keywords">
<kw name="Input Text" library="SeleniumLibrary">
<arg>//input[@id="password"]</arg>
<arg>secret_sauce</arg>
<doc>Types the given ``text`` into the text field identified by ``locator``.</doc>
<msg timestamp="20220314 21:12:56.552" level="INFO">Typing text 'secret_sauce' into text field '//input[@id="password"]'.</msg>
<status status="PASS" starttime="20220314 21:12:56.551" endtime="20220314 21:12:56.721"/>
</kw>
<status status="PASS" starttime="20220314 21:12:56.551" endtime="20220314 21:12:56.723"/>
</kw>
<kw name="I am Click Login Button" library="login_page_keywords">
<kw name="Click Element" library="SeleniumLibrary">
<arg>//input[@id="login-button"]</arg>
<doc>Click the element identified by ``locator``.</doc>
<msg timestamp="20220314 21:12:56.725" level="INFO">Clicking element '//input[@id="login-button"]'.</msg>
<status status="PASS" starttime="20220314 21:12:56.725" endtime="20220314 21:12:56.867"/>
</kw>
<status status="PASS" starttime="20220314 21:12:56.724" endtime="20220314 21:12:56.868"/>
</kw>
<kw name="Dashbord page will be appear" library="login_page_keywords">
<kw name="Page Should Contain" library="SeleniumLibrary">
<arg>Products</arg>
<doc>Verifies that current page contains ``text``.</doc>
<msg timestamp="20220314 21:12:57.205" level="INFO">Current page contains text 'Products'.</msg>
<status status="PASS" starttime="20220314 21:12:56.870" endtime="20220314 21:12:57.206"/>
</kw>
<status status="PASS" starttime="20220314 21:12:56.870" endtime="20220314 21:12:57.206"/>
</kw>
<status status="PASS" starttime="20220314 21:12:56.122" endtime="20220314 21:12:57.207"/>
</test>
<test id="s1-t4" name="I am Login with invalid username and valid password">
<kw name="Go to SwagLabs Page" library="login_page_keywords">
<kw name="Go To" library="SeleniumLibrary">
<arg>https://www.saucedemo.com/</arg>
<doc>Navigates the current browser window to the provided ``url``.</doc>
<msg timestamp="20220314 21:12:57.211" level="INFO">Opening url 'https://www.saucedemo.com/'</msg>
<status status="PASS" starttime="20220314 21:12:57.210" endtime="20220314 21:12:57.319"/>
</kw>
<status status="PASS" starttime="20220314 21:12:57.210" endtime="20220314 21:12:57.319"/>
</kw>
<kw name="I am inputting invalid Username" library="login_page_keywords">
<kw name="Input Text" library="SeleniumLibrary">
<arg>//input[@id="user-name"]</arg>
<arg>Miftah</arg>
<doc>Types the given ``text`` into the text field identified by ``locator``.</doc>
<msg timestamp="20220314 21:12:57.321" level="INFO">Typing text 'Miftah' into text field '//input[@id="user-name"]'.</msg>
<status status="PASS" starttime="20220314 21:12:57.321" endtime="20220314 21:12:57.746"/>
</kw>
<status status="PASS" starttime="20220314 21:12:57.320" endtime="20220314 21:12:57.747"/>
</kw>
<kw name="I am inputting valid Password" library="login_page_keywords">
<kw name="Input Text" library="SeleniumLibrary">
<arg>//input[@id="password"]</arg>
<arg>secret_sauce</arg>
<doc>Types the given ``text`` into the text field identified by ``locator``.</doc>
<msg timestamp="20220314 21:12:57.749" level="INFO">Typing text 'secret_sauce' into text field '//input[@id="password"]'.</msg>
<status status="PASS" starttime="20220314 21:12:57.748" endtime="20220314 21:12:58.003"/>
</kw>
<status status="PASS" starttime="20220314 21:12:57.748" endtime="20220314 21:12:58.004"/>
</kw>
<kw name="I am Click Login Button" library="login_page_keywords">
<kw name="Click Element" library="SeleniumLibrary">
<arg>//input[@id="login-button"]</arg>
<doc>Click the element identified by ``locator``.</doc>
<msg timestamp="20220314 21:12:58.006" level="INFO">Clicking element '//input[@id="login-button"]'.</msg>
<status status="PASS" starttime="20220314 21:12:58.005" endtime="20220314 21:12:58.144"/>
</kw>
<status status="PASS" starttime="20220314 21:12:58.005" endtime="20220314 21:12:58.146"/>
</kw>
<kw name="Message error will be appear on the screen" library="login_page_keywords">
<kw name="Element Should Be Visible" library="SeleniumLibrary">
<arg>//div[@class="error-message-container error"]</arg>
<doc>Verifies that the element identified by ``locator`` is visible.</doc>
<msg timestamp="20220314 21:12:58.204" level="INFO">Element '//div[@class="error-message-container error"]' is displayed.</msg>
<status status="PASS" starttime="20220314 21:12:58.166" endtime="20220314 21:12:58.204"/>
</kw>
<status status="PASS" starttime="20220314 21:12:58.165" endtime="20220314 21:12:58.205"/>
</kw>
<status status="PASS" starttime="20220314 21:12:57.209" endtime="20220314 21:12:58.206"/>
</test>
<kw name="Close Browser" library="SeleniumLibrary" type="TEARDOWN">
<doc>Closes the current browser.</doc>
<status status="PASS" starttime="20220314 21:12:58.208" endtime="20220314 21:13:01.437"/>
</kw>
<status status="PASS" starttime="20220314 21:12:49.220" endtime="20220314 21:13:01.439"/>
</suite>
<statistics>
<total>
<stat pass="4" fail="0" skip="0">All Tests</stat>
</total>
<tag>
</tag>
<suite>
<stat pass="4" fail="0" skip="0" id="s1" name="Swaglab">Swaglab</stat>
</suite>
</statistics>
<errors>
<msg timestamp="20220314 21:12:49.775" level="ERROR">Error in file 'C:\Users\USER\Documents\pom-rf\Resources\login_page_keywords.robot' on line 3: Processing variable file 'C:\Users\USER\Documents\pom-rf\Resources\swag_locator.yaml' failed: Using YAML variable files requires PyYAML module to be installed. Typically you can install it by running `pip install pyyaml`.</msg>
</errors>
</robot>
